[1.366s] Invoking command in '/home/rydb/Projects/group_robot_ros2/src/model_pkg': PYTHONPATH=/home/rydb/Projects/group_robot_ros2/install/model_pkg/lib/python3.8/site-packages:${PYTHONPATH} /usr/bin/python3 setup.py egg_info --egg-base ../../build/model_pkg build --build-base /home/rydb/Projects/group_robot_ros2/build/model_pkg/build install --prefix /home/rydb/Projects/group_robot_ros2/install/model_pkg --record /home/rydb/Projects/group_robot_ros2/build/model_pkg/install.log --single-version-externally-managed
[1.927s] running egg_info
[1.928s] creating ../../build/model_pkg/model_pkg.egg-info
[1.928s] writing ../../build/model_pkg/model_pkg.egg-info/PKG-INFO
[1.929s] writing dependency_links to ../../build/model_pkg/model_pkg.egg-info/dependency_links.txt
[1.929s] writing entry points to ../../build/model_pkg/model_pkg.egg-info/entry_points.txt
[1.930s] writing requirements to ../../build/model_pkg/model_pkg.egg-info/requires.txt
[1.930s] writing top-level names to ../../build/model_pkg/model_pkg.egg-info/top_level.txt
[1.932s] writing manifest file '../../build/model_pkg/model_pkg.egg-info/SOURCES.txt'
[2.000s] reading manifest file '../../build/model_pkg/model_pkg.egg-info/SOURCES.txt'
[2.002s] writing manifest file '../../build/model_pkg/model_pkg.egg-info/SOURCES.txt'
[2.002s] running build
[2.003s] running build_py
[2.003s] creating /home/rydb/Projects/group_robot_ros2/build/model_pkg/build
[2.003s] creating /home/rydb/Projects/group_robot_ros2/build/model_pkg/build/lib
[2.004s] creating /home/rydb/Projects/group_robot_ros2/build/model_pkg/build/lib/model_pkg
[2.004s] copying model_pkg/__init__.py -> /home/rydb/Projects/group_robot_ros2/build/model_pkg/build/lib/model_pkg
[2.004s] copying model_pkg/model.py -> /home/rydb/Projects/group_robot_ros2/build/model_pkg/build/lib/model_pkg
[2.004s] running install
[2.005s] running install_lib
[2.007s] creating /home/rydb/Projects/group_robot_ros2/install/model_pkg/lib/python3.8/site-packages/model_pkg
[2.008s] copying /home/rydb/Projects/group_robot_ros2/build/model_pkg/build/lib/model_pkg/__init__.py -> /home/rydb/Projects/group_robot_ros2/install/model_pkg/lib/python3.8/site-packages/model_pkg
[2.008s] copying /home/rydb/Projects/group_robot_ros2/build/model_pkg/build/lib/model_pkg/model.py -> /home/rydb/Projects/group_robot_ros2/install/model_pkg/lib/python3.8/site-packages/model_pkg
[2.008s] byte-compiling /home/rydb/Projects/group_robot_ros2/install/model_pkg/lib/python3.8/site-packages/model_pkg/__init__.py to __init__.cpython-38.pyc
[2.011s] byte-compiling /home/rydb/Projects/group_robot_ros2/install/model_pkg/lib/python3.8/site-packages/model_pkg/model.py to model.cpython-38.pyc
[2.014s] running install_data
[2.015s] copying package.xml -> /home/rydb/Projects/group_robot_ros2/install/model_pkg/share/model_pkg
[2.015s] creating /home/rydb/Projects/group_robot_ros2/install/model_pkg/share/model_pkg/model_pkg
[2.016s] copying model_pkg/__init__.py -> /home/rydb/Projects/group_robot_ros2/install/model_pkg/share/model_pkg/model_pkg
[2.016s] copying model_pkg/model.py -> /home/rydb/Projects/group_robot_ros2/install/model_pkg/share/model_pkg/model_pkg
[2.017s] creating /home/rydb/Projects/group_robot_ros2/install/model_pkg/share/model_pkg/resource
[2.017s] copying resource/model_pkg -> /home/rydb/Projects/group_robot_ros2/install/model_pkg/share/model_pkg/resource
[2.018s] creating /home/rydb/Projects/group_robot_ros2/install/model_pkg/share/model_pkg/rviz
[2.018s] copying rviz/rviz_config_test.rviz -> /home/rydb/Projects/group_robot_ros2/install/model_pkg/share/model_pkg/rviz
[2.018s] creating /home/rydb/Projects/group_robot_ros2/install/model_pkg/share/model_pkg/test
[2.018s] copying test/test_pep257.py -> /home/rydb/Projects/group_robot_ros2/install/model_pkg/share/model_pkg/test
[2.019s] copying test/test_copyright.py -> /home/rydb/Projects/group_robot_ros2/install/model_pkg/share/model_pkg/test
[2.019s] copying test/test_flake8.py -> /home/rydb/Projects/group_robot_ros2/install/model_pkg/share/model_pkg/test
[2.019s] creating /home/rydb/Projects/group_robot_ros2/install/model_pkg/share/model_pkg/launch
[2.020s] copying launch/sample_launch_file.py -> /home/rydb/Projects/group_robot_ros2/install/model_pkg/share/model_pkg/launch
[2.020s] copying launch/gazebo_sim_launch.py -> /home/rydb/Projects/group_robot_ros2/install/model_pkg/share/model_pkg/launch
[2.020s] copying launch/rviz_config_test_launch.py -> /home/rydb/Projects/group_robot_ros2/install/model_pkg/share/model_pkg/launch
[2.021s] copying launch/gazebo_config_test_launch.py -> /home/rydb/Projects/group_robot_ros2/install/model_pkg/share/model_pkg/launch
[2.021s] creating /home/rydb/Projects/group_robot_ros2/install/model_pkg/share/model_pkg/models
[2.021s] copying models/base.dae -> /home/rydb/Projects/group_robot_ros2/install/model_pkg/share/model_pkg/models
[2.021s] copying models/urdfmodel.FCStd -> /home/rydb/Projects/group_robot_ros2/install/model_pkg/share/model_pkg/models
[2.022s] copying models/right_wheel.dae -> /home/rydb/Projects/group_robot_ros2/install/model_pkg/share/model_pkg/models
[2.022s] copying models/left_wheel.dae -> /home/rydb/Projects/group_robot_ros2/install/model_pkg/share/model_pkg/models
[2.022s] copying models/urdfmodel.FCStd1 -> /home/rydb/Projects/group_robot_ros2/install/model_pkg/share/model_pkg/models
[2.022s] creating /home/rydb/Projects/group_robot_ros2/install/model_pkg/share/model_pkg/urdf
[2.022s] copying urdf/test.urdf.xml -> /home/rydb/Projects/group_robot_ros2/install/model_pkg/share/model_pkg/urdf
[2.023s] copying urdf/diff_bot.urdf -> /home/rydb/Projects/group_robot_ros2/install/model_pkg/share/model_pkg/urdf
[2.023s] copying urdf/r2d2.urdf -> /home/rydb/Projects/group_robot_ros2/install/model_pkg/share/model_pkg/urdf
[2.023s] running install_egg_info
[2.024s] Copying ../../build/model_pkg/model_pkg.egg-info to /home/rydb/Projects/group_robot_ros2/install/model_pkg/lib/python3.8/site-packages/model_pkg-0.0.0-py3.8.egg-info
[2.025s] running install_scripts
[2.056s] Installing model script to /home/rydb/Projects/group_robot_ros2/install/model_pkg/lib/model_pkg
[2.057s] writing list of installed files to '/home/rydb/Projects/group_robot_ros2/build/model_pkg/install.log'
[2.091s] Invoked command in '/home/rydb/Projects/group_robot_ros2/src/model_pkg' returned '0': PYTHONPATH=/home/rydb/Projects/group_robot_ros2/install/model_pkg/lib/python3.8/site-packages:${PYTHONPATH} /usr/bin/python3 setup.py egg_info --egg-base ../../build/model_pkg build --build-base /home/rydb/Projects/group_robot_ros2/build/model_pkg/build install --prefix /home/rydb/Projects/group_robot_ros2/install/model_pkg --record /home/rydb/Projects/group_robot_ros2/build/model_pkg/install.log --single-version-externally-managed
