[0.780s] Invoking command in '/home/rydb/Projects/group_robot_ros2/src/model_pkg': PYTHONPATH=/home/rydb/Projects/group_robot_ros2/install/model_pkg/lib/python3.8/site-packages:${PYTHONPATH} /usr/bin/python3 setup.py egg_info --egg-base ../../build/model_pkg build --build-base /home/rydb/Projects/group_robot_ros2/build/model_pkg/build install --prefix /home/rydb/Projects/group_robot_ros2/install/model_pkg --record /home/rydb/Projects/group_robot_ros2/build/model_pkg/install.log --single-version-externally-managed
[1.021s] running egg_info
[1.021s] creating ../../build/model_pkg/model_pkg.egg-info
[1.021s] writing ../../build/model_pkg/model_pkg.egg-info/PKG-INFO
[1.022s] writing dependency_links to ../../build/model_pkg/model_pkg.egg-info/dependency_links.txt
[1.022s] writing entry points to ../../build/model_pkg/model_pkg.egg-info/entry_points.txt
[1.022s] writing requirements to ../../build/model_pkg/model_pkg.egg-info/requires.txt
[1.022s] writing top-level names to ../../build/model_pkg/model_pkg.egg-info/top_level.txt
[1.023s] writing manifest file '../../build/model_pkg/model_pkg.egg-info/SOURCES.txt'
[1.055s] reading manifest file '../../build/model_pkg/model_pkg.egg-info/SOURCES.txt'
[1.056s] writing manifest file '../../build/model_pkg/model_pkg.egg-info/SOURCES.txt'
[1.056s] running build
[1.056s] running build_py
[1.057s] creating /home/rydb/Projects/group_robot_ros2/build/model_pkg/build
[1.057s] creating /home/rydb/Projects/group_robot_ros2/build/model_pkg/build/lib
[1.057s] creating /home/rydb/Projects/group_robot_ros2/build/model_pkg/build/lib/model_pkg
[1.057s] copying model_pkg/__init__.py -> /home/rydb/Projects/group_robot_ros2/build/model_pkg/build/lib/model_pkg
[1.057s] copying model_pkg/model.py -> /home/rydb/Projects/group_robot_ros2/build/model_pkg/build/lib/model_pkg
[1.057s] running install
[1.058s] running install_lib
[1.058s] creating /home/rydb/Projects/group_robot_ros2/install/model_pkg/lib/python3.8/site-packages/model_pkg
[1.059s] copying /home/rydb/Projects/group_robot_ros2/build/model_pkg/build/lib/model_pkg/__init__.py -> /home/rydb/Projects/group_robot_ros2/install/model_pkg/lib/python3.8/site-packages/model_pkg
[1.059s] copying /home/rydb/Projects/group_robot_ros2/build/model_pkg/build/lib/model_pkg/model.py -> /home/rydb/Projects/group_robot_ros2/install/model_pkg/lib/python3.8/site-packages/model_pkg
[1.059s] byte-compiling /home/rydb/Projects/group_robot_ros2/install/model_pkg/lib/python3.8/site-packages/model_pkg/__init__.py to __init__.cpython-38.pyc
[1.060s] byte-compiling /home/rydb/Projects/group_robot_ros2/install/model_pkg/lib/python3.8/site-packages/model_pkg/model.py to model.cpython-38.pyc
[1.061s] running install_data
[1.062s] copying package.xml -> /home/rydb/Projects/group_robot_ros2/install/model_pkg/share/model_pkg
[1.062s] creating /home/rydb/Projects/group_robot_ros2/install/model_pkg/share/model_pkg/model_pkg
[1.062s] copying model_pkg/__init__.py -> /home/rydb/Projects/group_robot_ros2/install/model_pkg/share/model_pkg/model_pkg
[1.062s] copying model_pkg/model.py -> /home/rydb/Projects/group_robot_ros2/install/model_pkg/share/model_pkg/model_pkg
[1.063s] creating /home/rydb/Projects/group_robot_ros2/install/model_pkg/share/model_pkg/resource
[1.063s] copying resource/model_pkg -> /home/rydb/Projects/group_robot_ros2/install/model_pkg/share/model_pkg/resource
[1.063s] creating /home/rydb/Projects/group_robot_ros2/install/model_pkg/share/model_pkg/rviz
[1.063s] copying rviz/rviz_config_test.rviz -> /home/rydb/Projects/group_robot_ros2/install/model_pkg/share/model_pkg/rviz
[1.063s] creating /home/rydb/Projects/group_robot_ros2/install/model_pkg/share/model_pkg/test
[1.063s] copying test/test_pep257.py -> /home/rydb/Projects/group_robot_ros2/install/model_pkg/share/model_pkg/test
[1.063s] copying test/test_copyright.py -> /home/rydb/Projects/group_robot_ros2/install/model_pkg/share/model_pkg/test
[1.064s] copying test/test_flake8.py -> /home/rydb/Projects/group_robot_ros2/install/model_pkg/share/model_pkg/test
[1.064s] creating /home/rydb/Projects/group_robot_ros2/install/model_pkg/share/model_pkg/launch
[1.064s] copying launch/sample_launch_file.py -> /home/rydb/Projects/group_robot_ros2/install/model_pkg/share/model_pkg/launch
[1.064s] copying launch/gazebo_sim_launch.py -> /home/rydb/Projects/group_robot_ros2/install/model_pkg/share/model_pkg/launch
[1.064s] copying launch/rviz_config_test_launch.py -> /home/rydb/Projects/group_robot_ros2/install/model_pkg/share/model_pkg/launch
[1.064s] copying launch/gazebo_config_test_launch.py -> /home/rydb/Projects/group_robot_ros2/install/model_pkg/share/model_pkg/launch
[1.064s] creating /home/rydb/Projects/group_robot_ros2/install/model_pkg/share/model_pkg/models
[1.065s] copying models/base.dae -> /home/rydb/Projects/group_robot_ros2/install/model_pkg/share/model_pkg/models
[1.065s] copying models/urdfmodel.FCStd -> /home/rydb/Projects/group_robot_ros2/install/model_pkg/share/model_pkg/models
[1.065s] copying models/right_wheel.dae -> /home/rydb/Projects/group_robot_ros2/install/model_pkg/share/model_pkg/models
[1.065s] copying models/left_wheel.dae -> /home/rydb/Projects/group_robot_ros2/install/model_pkg/share/model_pkg/models
[1.065s] copying models/urdfmodel.FCStd1 -> /home/rydb/Projects/group_robot_ros2/install/model_pkg/share/model_pkg/models
[1.065s] creating /home/rydb/Projects/group_robot_ros2/install/model_pkg/share/model_pkg/urdf
[1.065s] copying urdf/r2d2.urdf.xml -> /home/rydb/Projects/group_robot_ros2/install/model_pkg/share/model_pkg/urdf
[1.065s] copying urdf/diff_bot.urdf.xml -> /home/rydb/Projects/group_robot_ros2/install/model_pkg/share/model_pkg/urdf
[1.065s] copying urdf/test.urdf.xml -> /home/rydb/Projects/group_robot_ros2/install/model_pkg/share/model_pkg/urdf
[1.065s] running install_egg_info
[1.067s] Copying ../../build/model_pkg/model_pkg.egg-info to /home/rydb/Projects/group_robot_ros2/install/model_pkg/lib/python3.8/site-packages/model_pkg-0.0.0-py3.8.egg-info
[1.067s] running install_scripts
[1.083s] Installing model script to /home/rydb/Projects/group_robot_ros2/install/model_pkg/lib/model_pkg
[1.083s] writing list of installed files to '/home/rydb/Projects/group_robot_ros2/build/model_pkg/install.log'
[1.102s] Invoked command in '/home/rydb/Projects/group_robot_ros2/src/model_pkg' returned '0': PYTHONPATH=/home/rydb/Projects/group_robot_ros2/install/model_pkg/lib/python3.8/site-packages:${PYTHONPATH} /usr/bin/python3 setup.py egg_info --egg-base ../../build/model_pkg build --build-base /home/rydb/Projects/group_robot_ros2/build/model_pkg/build install --prefix /home/rydb/Projects/group_robot_ros2/install/model_pkg --record /home/rydb/Projects/group_robot_ros2/build/model_pkg/install.log --single-version-externally-managed
