[0.865s] Invoking command in '/home/rydb/projects/group_robot_ros2/src/model_pkg': PYTHONPATH=/home/rydb/projects/group_robot_ros2/install/model_pkg/lib/python3.8/site-packages:${PYTHONPATH} /usr/bin/python3 setup.py egg_info --egg-base ../../build/model_pkg build --build-base /home/rydb/projects/group_robot_ros2/build/model_pkg/build install --prefix /home/rydb/projects/group_robot_ros2/install/model_pkg --record /home/rydb/projects/group_robot_ros2/build/model_pkg/install.log --single-version-externally-managed
[1.118s] running egg_info
[1.118s] creating ../../build/model_pkg/model_pkg.egg-info
[1.119s] writing ../../build/model_pkg/model_pkg.egg-info/PKG-INFO
[1.119s] writing dependency_links to ../../build/model_pkg/model_pkg.egg-info/dependency_links.txt
[1.119s] writing entry points to ../../build/model_pkg/model_pkg.egg-info/entry_points.txt
[1.119s] writing requirements to ../../build/model_pkg/model_pkg.egg-info/requires.txt
[1.119s] writing top-level names to ../../build/model_pkg/model_pkg.egg-info/top_level.txt
[1.120s] writing manifest file '../../build/model_pkg/model_pkg.egg-info/SOURCES.txt'
[1.152s] reading manifest file '../../build/model_pkg/model_pkg.egg-info/SOURCES.txt'
[1.153s] writing manifest file '../../build/model_pkg/model_pkg.egg-info/SOURCES.txt'
[1.153s] running build
[1.153s] running build_py
[1.154s] creating /home/rydb/projects/group_robot_ros2/build/model_pkg/build
[1.154s] creating /home/rydb/projects/group_robot_ros2/build/model_pkg/build/lib
[1.154s] creating /home/rydb/projects/group_robot_ros2/build/model_pkg/build/lib/model_pkg
[1.154s] copying model_pkg/__init__.py -> /home/rydb/projects/group_robot_ros2/build/model_pkg/build/lib/model_pkg
[1.154s] copying model_pkg/model.py -> /home/rydb/projects/group_robot_ros2/build/model_pkg/build/lib/model_pkg
[1.154s] running install
[1.155s] running install_lib
[1.156s] creating /home/rydb/projects/group_robot_ros2/install/model_pkg/lib/python3.8/site-packages/model_pkg
[1.156s] copying /home/rydb/projects/group_robot_ros2/build/model_pkg/build/lib/model_pkg/__init__.py -> /home/rydb/projects/group_robot_ros2/install/model_pkg/lib/python3.8/site-packages/model_pkg
[1.156s] copying /home/rydb/projects/group_robot_ros2/build/model_pkg/build/lib/model_pkg/model.py -> /home/rydb/projects/group_robot_ros2/install/model_pkg/lib/python3.8/site-packages/model_pkg
[1.156s] byte-compiling /home/rydb/projects/group_robot_ros2/install/model_pkg/lib/python3.8/site-packages/model_pkg/__init__.py to __init__.cpython-38.pyc
[1.157s] byte-compiling /home/rydb/projects/group_robot_ros2/install/model_pkg/lib/python3.8/site-packages/model_pkg/model.py to model.cpython-38.pyc
[1.158s] running install_data
[1.158s] copying package.xml -> /home/rydb/projects/group_robot_ros2/install/model_pkg/share/model_pkg
[1.159s] creating /home/rydb/projects/group_robot_ros2/install/model_pkg/share/model_pkg/model_pkg
[1.159s] copying model_pkg/__init__.py -> /home/rydb/projects/group_robot_ros2/install/model_pkg/share/model_pkg/model_pkg
[1.159s] copying model_pkg/model.py -> /home/rydb/projects/group_robot_ros2/install/model_pkg/share/model_pkg/model_pkg
[1.159s] creating /home/rydb/projects/group_robot_ros2/install/model_pkg/share/model_pkg/resource
[1.159s] copying resource/model_pkg -> /home/rydb/projects/group_robot_ros2/install/model_pkg/share/model_pkg/resource
[1.159s] creating /home/rydb/projects/group_robot_ros2/install/model_pkg/share/model_pkg/rviz
[1.159s] copying rviz/rviz_config_test.rviz -> /home/rydb/projects/group_robot_ros2/install/model_pkg/share/model_pkg/rviz
[1.160s] creating /home/rydb/projects/group_robot_ros2/install/model_pkg/share/model_pkg/test
[1.160s] copying test/test_pep257.py -> /home/rydb/projects/group_robot_ros2/install/model_pkg/share/model_pkg/test
[1.160s] copying test/test_copyright.py -> /home/rydb/projects/group_robot_ros2/install/model_pkg/share/model_pkg/test
[1.160s] copying test/test_flake8.py -> /home/rydb/projects/group_robot_ros2/install/model_pkg/share/model_pkg/test
[1.160s] creating /home/rydb/projects/group_robot_ros2/install/model_pkg/share/model_pkg/launch
[1.160s] copying launch/sim_launch.py -> /home/rydb/projects/group_robot_ros2/install/model_pkg/share/model_pkg/launch
[1.160s] creating /home/rydb/projects/group_robot_ros2/install/model_pkg/share/model_pkg/sample_folder
[1.161s] copying sample_folder/feature.txt -> /home/rydb/projects/group_robot_ros2/install/model_pkg/share/model_pkg/sample_folder
[1.161s] running install_egg_info
[1.162s] Copying ../../build/model_pkg/model_pkg.egg-info to /home/rydb/projects/group_robot_ros2/install/model_pkg/lib/python3.8/site-packages/model_pkg-0.0.0-py3.8.egg-info
[1.163s] running install_scripts
[1.178s] Installing model script to /home/rydb/projects/group_robot_ros2/install/model_pkg/lib/model_pkg
[1.179s] writing list of installed files to '/home/rydb/projects/group_robot_ros2/build/model_pkg/install.log'
[1.197s] Invoked command in '/home/rydb/projects/group_robot_ros2/src/model_pkg' returned '0': PYTHONPATH=/home/rydb/projects/group_robot_ros2/install/model_pkg/lib/python3.8/site-packages:${PYTHONPATH} /usr/bin/python3 setup.py egg_info --egg-base ../../build/model_pkg build --build-base /home/rydb/projects/group_robot_ros2/build/model_pkg/build install --prefix /home/rydb/projects/group_robot_ros2/install/model_pkg --record /home/rydb/projects/group_robot_ros2/build/model_pkg/install.log --single-version-externally-managed
