[1.063s] Invoking command in '/home/rydb/projects/group_robot_ros2/src/model_pkg': PYTHONPATH=/home/rydb/projects/group_robot_ros2/install/model_pkg/lib/python3.8/site-packages:${PYTHONPATH} /usr/bin/python3 setup.py egg_info --egg-base ../../build/model_pkg build --build-base /home/rydb/projects/group_robot_ros2/build/model_pkg/build install --prefix /home/rydb/projects/group_robot_ros2/install/model_pkg --record /home/rydb/projects/group_robot_ros2/build/model_pkg/install.log --single-version-externally-managed
[1.370s] running egg_info
[1.371s] creating ../../build/model_pkg/model_pkg.egg-info
[1.371s] writing ../../build/model_pkg/model_pkg.egg-info/PKG-INFO
[1.372s] writing dependency_links to ../../build/model_pkg/model_pkg.egg-info/dependency_links.txt
[1.372s] writing entry points to ../../build/model_pkg/model_pkg.egg-info/entry_points.txt
[1.372s] writing requirements to ../../build/model_pkg/model_pkg.egg-info/requires.txt
[1.372s] writing top-level names to ../../build/model_pkg/model_pkg.egg-info/top_level.txt
[1.381s] writing manifest file '../../build/model_pkg/model_pkg.egg-info/SOURCES.txt'
[1.414s] reading manifest file '../../build/model_pkg/model_pkg.egg-info/SOURCES.txt'
[1.415s] writing manifest file '../../build/model_pkg/model_pkg.egg-info/SOURCES.txt'
[1.415s] running build
[1.416s] running build_py
[1.416s] creating /home/rydb/projects/group_robot_ros2/build/model_pkg/build
[1.416s] creating /home/rydb/projects/group_robot_ros2/build/model_pkg/build/lib
[1.416s] creating /home/rydb/projects/group_robot_ros2/build/model_pkg/build/lib/model_pkg
[1.416s] copying model_pkg/__init__.py -> /home/rydb/projects/group_robot_ros2/build/model_pkg/build/lib/model_pkg
[1.416s] copying model_pkg/model.py -> /home/rydb/projects/group_robot_ros2/build/model_pkg/build/lib/model_pkg
[1.417s] running install
[1.417s] running install_lib
[1.419s] creating /home/rydb/projects/group_robot_ros2/install/model_pkg/lib/python3.8/site-packages/model_pkg
[1.419s] copying /home/rydb/projects/group_robot_ros2/build/model_pkg/build/lib/model_pkg/__init__.py -> /home/rydb/projects/group_robot_ros2/install/model_pkg/lib/python3.8/site-packages/model_pkg
[1.419s] copying /home/rydb/projects/group_robot_ros2/build/model_pkg/build/lib/model_pkg/model.py -> /home/rydb/projects/group_robot_ros2/install/model_pkg/lib/python3.8/site-packages/model_pkg
[1.419s] byte-compiling /home/rydb/projects/group_robot_ros2/install/model_pkg/lib/python3.8/site-packages/model_pkg/__init__.py to __init__.cpython-38.pyc
[1.421s] byte-compiling /home/rydb/projects/group_robot_ros2/install/model_pkg/lib/python3.8/site-packages/model_pkg/model.py to model.cpython-38.pyc
[1.421s] running install_data
[1.422s] copying package.xml -> /home/rydb/projects/group_robot_ros2/install/model_pkg/share/model_pkg
[1.422s] creating /home/rydb/projects/group_robot_ros2/install/model_pkg/share/model_pkg/model_pkg
[1.422s] copying model_pkg/__init__.py -> /home/rydb/projects/group_robot_ros2/install/model_pkg/share/model_pkg/model_pkg
[1.423s] copying model_pkg/model.py -> /home/rydb/projects/group_robot_ros2/install/model_pkg/share/model_pkg/model_pkg
[1.423s] creating /home/rydb/projects/group_robot_ros2/install/model_pkg/share/model_pkg/resource
[1.423s] copying resource/model_pkg -> /home/rydb/projects/group_robot_ros2/install/model_pkg/share/model_pkg/resource
[1.423s] creating /home/rydb/projects/group_robot_ros2/install/model_pkg/share/model_pkg/rviz
[1.423s] copying rviz/rviz_config_test.rviz -> /home/rydb/projects/group_robot_ros2/install/model_pkg/share/model_pkg/rviz
[1.423s] creating /home/rydb/projects/group_robot_ros2/install/model_pkg/share/model_pkg/test
[1.423s] copying test/test_pep257.py -> /home/rydb/projects/group_robot_ros2/install/model_pkg/share/model_pkg/test
[1.423s] copying test/test_copyright.py -> /home/rydb/projects/group_robot_ros2/install/model_pkg/share/model_pkg/test
[1.424s] copying test/test_flake8.py -> /home/rydb/projects/group_robot_ros2/install/model_pkg/share/model_pkg/test
[1.424s] creating /home/rydb/projects/group_robot_ros2/install/model_pkg/share/model_pkg/launch
[1.424s] copying launch/sim_launch.py -> /home/rydb/projects/group_robot_ros2/install/model_pkg/share/model_pkg/launch
[1.424s] running install_egg_info
[1.426s] Copying ../../build/model_pkg/model_pkg.egg-info to /home/rydb/projects/group_robot_ros2/install/model_pkg/lib/python3.8/site-packages/model_pkg-0.0.0-py3.8.egg-info
[1.427s] running install_scripts
[1.442s] Installing model script to /home/rydb/projects/group_robot_ros2/install/model_pkg/lib/model_pkg
[1.443s] writing list of installed files to '/home/rydb/projects/group_robot_ros2/build/model_pkg/install.log'
[1.459s] Invoked command in '/home/rydb/projects/group_robot_ros2/src/model_pkg' returned '0': PYTHONPATH=/home/rydb/projects/group_robot_ros2/install/model_pkg/lib/python3.8/site-packages:${PYTHONPATH} /usr/bin/python3 setup.py egg_info --egg-base ../../build/model_pkg build --build-base /home/rydb/projects/group_robot_ros2/build/model_pkg/build install --prefix /home/rydb/projects/group_robot_ros2/install/model_pkg --record /home/rydb/projects/group_robot_ros2/build/model_pkg/install.log --single-version-externally-managed
