[0.798s] Invoking command in '/home/rydb/Projects/group_robot_ros2/src/model_pkg': PYTHONPATH=/home/rydb/Projects/group_robot_ros2/install/model_pkg/lib/python3.8/site-packages:${PYTHONPATH} /usr/bin/python3 setup.py egg_info --egg-base ../../build/model_pkg build --build-base /home/rydb/Projects/group_robot_ros2/build/model_pkg/build install --prefix /home/rydb/Projects/group_robot_ros2/install/model_pkg --record /home/rydb/Projects/group_robot_ros2/build/model_pkg/install.log --single-version-externally-managed
[1.053s] running egg_info
[1.053s] creating ../../build/model_pkg/model_pkg.egg-info
[1.054s] writing ../../build/model_pkg/model_pkg.egg-info/PKG-INFO
[1.054s] writing dependency_links to ../../build/model_pkg/model_pkg.egg-info/dependency_links.txt
[1.054s] writing entry points to ../../build/model_pkg/model_pkg.egg-info/entry_points.txt
[1.054s] writing requirements to ../../build/model_pkg/model_pkg.egg-info/requires.txt
[1.054s] writing top-level names to ../../build/model_pkg/model_pkg.egg-info/top_level.txt
[1.055s] writing manifest file '../../build/model_pkg/model_pkg.egg-info/SOURCES.txt'
[1.089s] reading manifest file '../../build/model_pkg/model_pkg.egg-info/SOURCES.txt'
[1.090s] writing manifest file '../../build/model_pkg/model_pkg.egg-info/SOURCES.txt'
[1.090s] running build
[1.090s] running build_py
[1.090s] creating /home/rydb/Projects/group_robot_ros2/build/model_pkg/build
[1.091s] creating /home/rydb/Projects/group_robot_ros2/build/model_pkg/build/lib
[1.091s] creating /home/rydb/Projects/group_robot_ros2/build/model_pkg/build/lib/model_pkg
[1.091s] copying model_pkg/__init__.py -> /home/rydb/Projects/group_robot_ros2/build/model_pkg/build/lib/model_pkg
[1.091s] copying model_pkg/model.py -> /home/rydb/Projects/group_robot_ros2/build/model_pkg/build/lib/model_pkg
[1.091s] running install
[1.092s] running install_lib
[1.093s] creating /home/rydb/Projects/group_robot_ros2/install/model_pkg/lib/python3.8/site-packages/model_pkg
[1.093s] copying /home/rydb/Projects/group_robot_ros2/build/model_pkg/build/lib/model_pkg/__init__.py -> /home/rydb/Projects/group_robot_ros2/install/model_pkg/lib/python3.8/site-packages/model_pkg
[1.093s] copying /home/rydb/Projects/group_robot_ros2/build/model_pkg/build/lib/model_pkg/model.py -> /home/rydb/Projects/group_robot_ros2/install/model_pkg/lib/python3.8/site-packages/model_pkg
[1.094s] byte-compiling /home/rydb/Projects/group_robot_ros2/install/model_pkg/lib/python3.8/site-packages/model_pkg/__init__.py to __init__.cpython-38.pyc
[1.095s] byte-compiling /home/rydb/Projects/group_robot_ros2/install/model_pkg/lib/python3.8/site-packages/model_pkg/model.py to model.cpython-38.pyc
[1.096s] running install_data
[1.097s] copying package.xml -> /home/rydb/Projects/group_robot_ros2/install/model_pkg/share/model_pkg
[1.097s] creating /home/rydb/Projects/group_robot_ros2/install/model_pkg/share/model_pkg/model_pkg
[1.097s] copying model_pkg/__init__.py -> /home/rydb/Projects/group_robot_ros2/install/model_pkg/share/model_pkg/model_pkg
[1.097s] copying model_pkg/model.py -> /home/rydb/Projects/group_robot_ros2/install/model_pkg/share/model_pkg/model_pkg
[1.097s] creating /home/rydb/Projects/group_robot_ros2/install/model_pkg/share/model_pkg/resource
[1.097s] copying resource/model_pkg -> /home/rydb/Projects/group_robot_ros2/install/model_pkg/share/model_pkg/resource
[1.097s] creating /home/rydb/Projects/group_robot_ros2/install/model_pkg/share/model_pkg/rviz
[1.098s] copying rviz/rviz_config_test.rviz -> /home/rydb/Projects/group_robot_ros2/install/model_pkg/share/model_pkg/rviz
[1.098s] creating /home/rydb/Projects/group_robot_ros2/install/model_pkg/share/model_pkg/test
[1.098s] copying test/test_pep257.py -> /home/rydb/Projects/group_robot_ros2/install/model_pkg/share/model_pkg/test
[1.098s] copying test/test_copyright.py -> /home/rydb/Projects/group_robot_ros2/install/model_pkg/share/model_pkg/test
[1.098s] copying test/test_flake8.py -> /home/rydb/Projects/group_robot_ros2/install/model_pkg/share/model_pkg/test
[1.098s] creating /home/rydb/Projects/group_robot_ros2/install/model_pkg/share/model_pkg/launch
[1.098s] copying launch/sample_launch_file.py -> /home/rydb/Projects/group_robot_ros2/install/model_pkg/share/model_pkg/launch
[1.099s] copying launch/gazebo_sim_launch.py -> /home/rydb/Projects/group_robot_ros2/install/model_pkg/share/model_pkg/launch
[1.099s] copying launch/rviz_config_test_launch.py -> /home/rydb/Projects/group_robot_ros2/install/model_pkg/share/model_pkg/launch
[1.099s] copying launch/gazebo_config_test_launch.py -> /home/rydb/Projects/group_robot_ros2/install/model_pkg/share/model_pkg/launch
[1.099s] creating /home/rydb/Projects/group_robot_ros2/install/model_pkg/share/model_pkg/models
[1.099s] copying models/base.dae -> /home/rydb/Projects/group_robot_ros2/install/model_pkg/share/model_pkg/models
[1.099s] copying models/urdfmodel.FCStd -> /home/rydb/Projects/group_robot_ros2/install/model_pkg/share/model_pkg/models
[1.099s] copying models/right_wheel.dae -> /home/rydb/Projects/group_robot_ros2/install/model_pkg/share/model_pkg/models
[1.099s] copying models/left_wheel.dae -> /home/rydb/Projects/group_robot_ros2/install/model_pkg/share/model_pkg/models
[1.100s] copying models/urdfmodel.FCStd1 -> /home/rydb/Projects/group_robot_ros2/install/model_pkg/share/model_pkg/models
[1.100s] creating /home/rydb/Projects/group_robot_ros2/install/model_pkg/share/model_pkg/urdf
[1.100s] copying urdf/r2d2.urdf.xml -> /home/rydb/Projects/group_robot_ros2/install/model_pkg/share/model_pkg/urdf
[1.100s] copying urdf/diff_bot.urdf.xml -> /home/rydb/Projects/group_robot_ros2/install/model_pkg/share/model_pkg/urdf
[1.100s] copying urdf/test.urdf.xml -> /home/rydb/Projects/group_robot_ros2/install/model_pkg/share/model_pkg/urdf
[1.101s] running install_egg_info
[1.102s] Copying ../../build/model_pkg/model_pkg.egg-info to /home/rydb/Projects/group_robot_ros2/install/model_pkg/lib/python3.8/site-packages/model_pkg-0.0.0-py3.8.egg-info
[1.103s] running install_scripts
[1.120s] Installing model script to /home/rydb/Projects/group_robot_ros2/install/model_pkg/lib/model_pkg
[1.120s] writing list of installed files to '/home/rydb/Projects/group_robot_ros2/build/model_pkg/install.log'
[1.142s] Invoked command in '/home/rydb/Projects/group_robot_ros2/src/model_pkg' returned '0': PYTHONPATH=/home/rydb/Projects/group_robot_ros2/install/model_pkg/lib/python3.8/site-packages:${PYTHONPATH} /usr/bin/python3 setup.py egg_info --egg-base ../../build/model_pkg build --build-base /home/rydb/Projects/group_robot_ros2/build/model_pkg/build install --prefix /home/rydb/Projects/group_robot_ros2/install/model_pkg --record /home/rydb/Projects/group_robot_ros2/build/model_pkg/install.log --single-version-externally-managed
