/home/rydb/projects/group_robot_ros2/install/model_pkg/lib/python3.8/site-packages/model_pkg/__init__.py
/home/rydb/projects/group_robot_ros2/install/model_pkg/lib/python3.8/site-packages/model_pkg/model.py
/home/rydb/projects/group_robot_ros2/install/model_pkg/lib/python3.8/site-packages/model_pkg/__pycache__/__init__.cpython-38.pyc
/home/rydb/projects/group_robot_ros2/install/model_pkg/lib/python3.8/site-packages/model_pkg/__pycache__/model.cpython-38.pyc
/home/rydb/projects/group_robot_ros2/install/model_pkg/share/ament_index/resource_index/packages/model_pkg
/home/rydb/projects/group_robot_ros2/install/model_pkg/share/model_pkg/package.xml
/home/rydb/projects/group_robot_ros2/install/model_pkg/share/model_pkg/model_pkg/__init__.py
/home/rydb/projects/group_robot_ros2/install/model_pkg/share/model_pkg/model_pkg/model.py
/home/rydb/projects/group_robot_ros2/install/model_pkg/share/model_pkg/resource/model_pkg
/home/rydb/projects/group_robot_ros2/install/model_pkg/share/model_pkg/rviz/rviz_config_test.rviz
/home/rydb/projects/group_robot_ros2/install/model_pkg/share/model_pkg/test/test_pep257.py
/home/rydb/projects/group_robot_ros2/install/model_pkg/share/model_pkg/test/test_copyright.py
/home/rydb/projects/group_robot_ros2/install/model_pkg/share/model_pkg/test/test_flake8.py
/home/rydb/projects/group_robot_ros2/install/model_pkg/share/model_pkg/launch/sample_launch_file.py
/home/rydb/projects/group_robot_ros2/install/model_pkg/share/model_pkg/launch/sim_launch.py
/home/rydb/projects/group_robot_ros2/install/model_pkg/lib/python3.8/site-packages/model_pkg-0.0.0-py3.8.egg-info/requires.txt
/home/rydb/projects/group_robot_ros2/install/model_pkg/lib/python3.8/site-packages/model_pkg-0.0.0-py3.8.egg-info/SOURCES.txt
/home/rydb/projects/group_robot_ros2/install/model_pkg/lib/python3.8/site-packages/model_pkg-0.0.0-py3.8.egg-info/top_level.txt
/home/rydb/projects/group_robot_ros2/install/model_pkg/lib/python3.8/site-packages/model_pkg-0.0.0-py3.8.egg-info/zip-safe
/home/rydb/projects/group_robot_ros2/install/model_pkg/lib/python3.8/site-packages/model_pkg-0.0.0-py3.8.egg-info/entry_points.txt
/home/rydb/projects/group_robot_ros2/install/model_pkg/lib/python3.8/site-packages/model_pkg-0.0.0-py3.8.egg-info/PKG-INFO
/home/rydb/projects/group_robot_ros2/install/model_pkg/lib/python3.8/site-packages/model_pkg-0.0.0-py3.8.egg-info/dependency_links.txt
/home/rydb/projects/group_robot_ros2/install/model_pkg/lib/model_pkg/model
