[0.766s] Invoking command in '/home/rydb/Projects/group_robot_ros2/src/model_pkg': PYTHONPATH=/home/rydb/Projects/group_robot_ros2/install/model_pkg/lib/python3.8/site-packages:${PYTHONPATH} /usr/bin/python3 setup.py egg_info --egg-base ../../build/model_pkg build --build-base /home/rydb/Projects/group_robot_ros2/build/model_pkg/build install --prefix /home/rydb/Projects/group_robot_ros2/install/model_pkg --record /home/rydb/Projects/group_robot_ros2/build/model_pkg/install.log --single-version-externally-managed
[1.013s] running egg_info
[1.013s] creating ../../build/model_pkg/model_pkg.egg-info
[1.014s] writing ../../build/model_pkg/model_pkg.egg-info/PKG-INFO
[1.014s] writing dependency_links to ../../build/model_pkg/model_pkg.egg-info/dependency_links.txt
[1.014s] writing entry points to ../../build/model_pkg/model_pkg.egg-info/entry_points.txt
[1.014s] writing requirements to ../../build/model_pkg/model_pkg.egg-info/requires.txt
[1.014s] writing top-level names to ../../build/model_pkg/model_pkg.egg-info/top_level.txt
[1.016s] writing manifest file '../../build/model_pkg/model_pkg.egg-info/SOURCES.txt'
[1.049s] reading manifest file '../../build/model_pkg/model_pkg.egg-info/SOURCES.txt'
[1.050s] writing manifest file '../../build/model_pkg/model_pkg.egg-info/SOURCES.txt'
[1.050s] running build
[1.050s] running build_py
[1.051s] creating /home/rydb/Projects/group_robot_ros2/build/model_pkg/build
[1.051s] creating /home/rydb/Projects/group_robot_ros2/build/model_pkg/build/lib
[1.051s] creating /home/rydb/Projects/group_robot_ros2/build/model_pkg/build/lib/model_pkg
[1.051s] copying model_pkg/__init__.py -> /home/rydb/Projects/group_robot_ros2/build/model_pkg/build/lib/model_pkg
[1.051s] copying model_pkg/model.py -> /home/rydb/Projects/group_robot_ros2/build/model_pkg/build/lib/model_pkg
[1.051s] running install
[1.052s] running install_lib
[1.052s] creating /home/rydb/Projects/group_robot_ros2/install/model_pkg/lib/python3.8/site-packages/model_pkg
[1.053s] copying /home/rydb/Projects/group_robot_ros2/build/model_pkg/build/lib/model_pkg/__init__.py -> /home/rydb/Projects/group_robot_ros2/install/model_pkg/lib/python3.8/site-packages/model_pkg
[1.053s] copying /home/rydb/Projects/group_robot_ros2/build/model_pkg/build/lib/model_pkg/model.py -> /home/rydb/Projects/group_robot_ros2/install/model_pkg/lib/python3.8/site-packages/model_pkg
[1.053s] byte-compiling /home/rydb/Projects/group_robot_ros2/install/model_pkg/lib/python3.8/site-packages/model_pkg/__init__.py to __init__.cpython-38.pyc
[1.054s] byte-compiling /home/rydb/Projects/group_robot_ros2/install/model_pkg/lib/python3.8/site-packages/model_pkg/model.py to model.cpython-38.pyc
[1.055s] running install_data
[1.056s] copying package.xml -> /home/rydb/Projects/group_robot_ros2/install/model_pkg/share/model_pkg
[1.056s] creating /home/rydb/Projects/group_robot_ros2/install/model_pkg/share/model_pkg/model_pkg
[1.056s] copying model_pkg/__init__.py -> /home/rydb/Projects/group_robot_ros2/install/model_pkg/share/model_pkg/model_pkg
[1.056s] copying model_pkg/model.py -> /home/rydb/Projects/group_robot_ros2/install/model_pkg/share/model_pkg/model_pkg
[1.056s] creating /home/rydb/Projects/group_robot_ros2/install/model_pkg/share/model_pkg/resource
[1.056s] copying resource/model_pkg -> /home/rydb/Projects/group_robot_ros2/install/model_pkg/share/model_pkg/resource
[1.056s] creating /home/rydb/Projects/group_robot_ros2/install/model_pkg/share/model_pkg/rviz
[1.056s] copying rviz/rviz_config_test.rviz -> /home/rydb/Projects/group_robot_ros2/install/model_pkg/share/model_pkg/rviz
[1.056s] creating /home/rydb/Projects/group_robot_ros2/install/model_pkg/share/model_pkg/test
[1.057s] copying test/test_pep257.py -> /home/rydb/Projects/group_robot_ros2/install/model_pkg/share/model_pkg/test
[1.057s] copying test/test_copyright.py -> /home/rydb/Projects/group_robot_ros2/install/model_pkg/share/model_pkg/test
[1.057s] copying test/test_flake8.py -> /home/rydb/Projects/group_robot_ros2/install/model_pkg/share/model_pkg/test
[1.057s] creating /home/rydb/Projects/group_robot_ros2/install/model_pkg/share/model_pkg/launch
[1.057s] copying launch/sample_launch_file.py -> /home/rydb/Projects/group_robot_ros2/install/model_pkg/share/model_pkg/launch
[1.057s] copying launch/gazebo_sim_launch.py -> /home/rydb/Projects/group_robot_ros2/install/model_pkg/share/model_pkg/launch
[1.057s] copying launch/rviz_config_test_launch.py -> /home/rydb/Projects/group_robot_ros2/install/model_pkg/share/model_pkg/launch
[1.057s] copying launch/gazebo_config_test_launch.py -> /home/rydb/Projects/group_robot_ros2/install/model_pkg/share/model_pkg/launch
[1.057s] creating /home/rydb/Projects/group_robot_ros2/install/model_pkg/share/model_pkg/models
[1.057s] copying models/base.dae -> /home/rydb/Projects/group_robot_ros2/install/model_pkg/share/model_pkg/models
[1.057s] copying models/urdfmodel.FCStd -> /home/rydb/Projects/group_robot_ros2/install/model_pkg/share/model_pkg/models
[1.058s] copying models/right_wheel.dae -> /home/rydb/Projects/group_robot_ros2/install/model_pkg/share/model_pkg/models
[1.058s] copying models/left_wheel.dae -> /home/rydb/Projects/group_robot_ros2/install/model_pkg/share/model_pkg/models
[1.058s] copying models/urdfmodel.FCStd1 -> /home/rydb/Projects/group_robot_ros2/install/model_pkg/share/model_pkg/models
[1.058s] creating /home/rydb/Projects/group_robot_ros2/install/model_pkg/share/model_pkg/urdf
[1.058s] copying urdf/r2d2.urdf.xml -> /home/rydb/Projects/group_robot_ros2/install/model_pkg/share/model_pkg/urdf
[1.058s] copying urdf/diff_bot.urdf.xml -> /home/rydb/Projects/group_robot_ros2/install/model_pkg/share/model_pkg/urdf
[1.058s] copying urdf/test.urdf.xml -> /home/rydb/Projects/group_robot_ros2/install/model_pkg/share/model_pkg/urdf
[1.058s] running install_egg_info
[1.060s] Copying ../../build/model_pkg/model_pkg.egg-info to /home/rydb/Projects/group_robot_ros2/install/model_pkg/lib/python3.8/site-packages/model_pkg-0.0.0-py3.8.egg-info
[1.061s] running install_scripts
[1.082s] Installing model script to /home/rydb/Projects/group_robot_ros2/install/model_pkg/lib/model_pkg
[1.082s] writing list of installed files to '/home/rydb/Projects/group_robot_ros2/build/model_pkg/install.log'
[1.106s] Invoked command in '/home/rydb/Projects/group_robot_ros2/src/model_pkg' returned '0': PYTHONPATH=/home/rydb/Projects/group_robot_ros2/install/model_pkg/lib/python3.8/site-packages:${PYTHONPATH} /usr/bin/python3 setup.py egg_info --egg-base ../../build/model_pkg build --build-base /home/rydb/Projects/group_robot_ros2/build/model_pkg/build install --prefix /home/rydb/Projects/group_robot_ros2/install/model_pkg --record /home/rydb/Projects/group_robot_ros2/build/model_pkg/install.log --single-version-externally-managed
