[0.760s] Invoking command in '/home/rydb/Projects/group_robot_ros2/src/model_pkg': PYTHONPATH=/home/rydb/Projects/group_robot_ros2/install/model_pkg/lib/python3.8/site-packages:${PYTHONPATH} /usr/bin/python3 setup.py egg_info --egg-base ../../build/model_pkg build --build-base /home/rydb/Projects/group_robot_ros2/build/model_pkg/build install --prefix /home/rydb/Projects/group_robot_ros2/install/model_pkg --record /home/rydb/Projects/group_robot_ros2/build/model_pkg/install.log --single-version-externally-managed
[1.000s] running egg_info
[1.000s] creating ../../build/model_pkg/model_pkg.egg-info
[1.000s] writing ../../build/model_pkg/model_pkg.egg-info/PKG-INFO
[1.000s] writing dependency_links to ../../build/model_pkg/model_pkg.egg-info/dependency_links.txt
[1.000s] writing entry points to ../../build/model_pkg/model_pkg.egg-info/entry_points.txt
[1.000s] writing requirements to ../../build/model_pkg/model_pkg.egg-info/requires.txt
[1.000s] writing top-level names to ../../build/model_pkg/model_pkg.egg-info/top_level.txt
[1.009s] writing manifest file '../../build/model_pkg/model_pkg.egg-info/SOURCES.txt'
[1.040s] reading manifest file '../../build/model_pkg/model_pkg.egg-info/SOURCES.txt'
[1.041s] writing manifest file '../../build/model_pkg/model_pkg.egg-info/SOURCES.txt'
[1.041s] running build
[1.041s] running build_py
[1.041s] creating /home/rydb/Projects/group_robot_ros2/build/model_pkg/build
[1.041s] creating /home/rydb/Projects/group_robot_ros2/build/model_pkg/build/lib
[1.042s] creating /home/rydb/Projects/group_robot_ros2/build/model_pkg/build/lib/model_pkg
[1.042s] copying model_pkg/__init__.py -> /home/rydb/Projects/group_robot_ros2/build/model_pkg/build/lib/model_pkg
[1.042s] copying model_pkg/model.py -> /home/rydb/Projects/group_robot_ros2/build/model_pkg/build/lib/model_pkg
[1.042s] running install
[1.042s] running install_lib
[1.043s] creating /home/rydb/Projects/group_robot_ros2/install/model_pkg/lib/python3.8/site-packages/model_pkg
[1.043s] copying /home/rydb/Projects/group_robot_ros2/build/model_pkg/build/lib/model_pkg/__init__.py -> /home/rydb/Projects/group_robot_ros2/install/model_pkg/lib/python3.8/site-packages/model_pkg
[1.043s] copying /home/rydb/Projects/group_robot_ros2/build/model_pkg/build/lib/model_pkg/model.py -> /home/rydb/Projects/group_robot_ros2/install/model_pkg/lib/python3.8/site-packages/model_pkg
[1.044s] byte-compiling /home/rydb/Projects/group_robot_ros2/install/model_pkg/lib/python3.8/site-packages/model_pkg/__init__.py to __init__.cpython-38.pyc
[1.045s] byte-compiling /home/rydb/Projects/group_robot_ros2/install/model_pkg/lib/python3.8/site-packages/model_pkg/model.py to model.cpython-38.pyc
[1.046s] running install_data
[1.046s] copying package.xml -> /home/rydb/Projects/group_robot_ros2/install/model_pkg/share/model_pkg
[1.046s] creating /home/rydb/Projects/group_robot_ros2/install/model_pkg/share/model_pkg/model_pkg
[1.046s] copying model_pkg/__init__.py -> /home/rydb/Projects/group_robot_ros2/install/model_pkg/share/model_pkg/model_pkg
[1.046s] copying model_pkg/model.py -> /home/rydb/Projects/group_robot_ros2/install/model_pkg/share/model_pkg/model_pkg
[1.047s] creating /home/rydb/Projects/group_robot_ros2/install/model_pkg/share/model_pkg/resource
[1.047s] copying resource/model_pkg -> /home/rydb/Projects/group_robot_ros2/install/model_pkg/share/model_pkg/resource
[1.047s] creating /home/rydb/Projects/group_robot_ros2/install/model_pkg/share/model_pkg/rviz
[1.047s] copying rviz/rviz_config_test.rviz -> /home/rydb/Projects/group_robot_ros2/install/model_pkg/share/model_pkg/rviz
[1.047s] creating /home/rydb/Projects/group_robot_ros2/install/model_pkg/share/model_pkg/test
[1.047s] copying test/test_pep257.py -> /home/rydb/Projects/group_robot_ros2/install/model_pkg/share/model_pkg/test
[1.047s] copying test/test_copyright.py -> /home/rydb/Projects/group_robot_ros2/install/model_pkg/share/model_pkg/test
[1.047s] copying test/test_flake8.py -> /home/rydb/Projects/group_robot_ros2/install/model_pkg/share/model_pkg/test
[1.047s] creating /home/rydb/Projects/group_robot_ros2/install/model_pkg/share/model_pkg/launch
[1.048s] copying launch/sample_launch_file.py -> /home/rydb/Projects/group_robot_ros2/install/model_pkg/share/model_pkg/launch
[1.048s] copying launch/sim_launch.py -> /home/rydb/Projects/group_robot_ros2/install/model_pkg/share/model_pkg/launch
[1.048s] creating /home/rydb/Projects/group_robot_ros2/install/model_pkg/share/model_pkg/models
[1.048s] copying models/base.dae -> /home/rydb/Projects/group_robot_ros2/install/model_pkg/share/model_pkg/models
[1.048s] copying models/urdfmodel.FCStd -> /home/rydb/Projects/group_robot_ros2/install/model_pkg/share/model_pkg/models
[1.048s] copying models/right_wheel.dae -> /home/rydb/Projects/group_robot_ros2/install/model_pkg/share/model_pkg/models
[1.048s] copying models/left_wheel.dae -> /home/rydb/Projects/group_robot_ros2/install/model_pkg/share/model_pkg/models
[1.048s] copying models/urdfmodel.FCStd1 -> /home/rydb/Projects/group_robot_ros2/install/model_pkg/share/model_pkg/models
[1.049s] creating /home/rydb/Projects/group_robot_ros2/install/model_pkg/share/model_pkg/urdf
[1.049s] copying urdf/r2d2.urdf.xml -> /home/rydb/Projects/group_robot_ros2/install/model_pkg/share/model_pkg/urdf
[1.049s] copying urdf/diff_bot.urdf.xml -> /home/rydb/Projects/group_robot_ros2/install/model_pkg/share/model_pkg/urdf
[1.049s] copying urdf/test.urdf.xml -> /home/rydb/Projects/group_robot_ros2/install/model_pkg/share/model_pkg/urdf
[1.049s] running install_egg_info
[1.050s] Copying ../../build/model_pkg/model_pkg.egg-info to /home/rydb/Projects/group_robot_ros2/install/model_pkg/lib/python3.8/site-packages/model_pkg-0.0.0-py3.8.egg-info
[1.051s] running install_scripts
[1.065s] Installing model script to /home/rydb/Projects/group_robot_ros2/install/model_pkg/lib/model_pkg
[1.065s] writing list of installed files to '/home/rydb/Projects/group_robot_ros2/build/model_pkg/install.log'
[1.082s] Invoked command in '/home/rydb/Projects/group_robot_ros2/src/model_pkg' returned '0': PYTHONPATH=/home/rydb/Projects/group_robot_ros2/install/model_pkg/lib/python3.8/site-packages:${PYTHONPATH} /usr/bin/python3 setup.py egg_info --egg-base ../../build/model_pkg build --build-base /home/rydb/Projects/group_robot_ros2/build/model_pkg/build install --prefix /home/rydb/Projects/group_robot_ros2/install/model_pkg --record /home/rydb/Projects/group_robot_ros2/build/model_pkg/install.log --single-version-externally-managed
